<?xml version="1.0" encoding="UTF-8"?>
<coverage generated="1597061733107" clover="3.2.0">
  <project timestamp="1597061733107" name="All files">
    <metrics statements="37" coveredstatements="28" conditionals="8" coveredconditionals="1" methods="12" coveredmethods="6" elements="57" coveredelements="35" complexity="0" loc="37" ncloc="37" packages="1" files="3" classes="3"/>
    <file name="equal1.js" path="/Users/elva/Desktop/elva/mycode/分享/shareDemo/lib/equal1.js">
      <metrics statements="5" coveredstatements="5" conditionals="0" coveredconditionals="0" methods="0" coveredmethods="0"/>
      <line num="1" count="1" type="stmt"/>
      <line num="6" count="1" type="stmt"/>
      <line num="10" count="1" type="stmt"/>
      <line num="11" count="1" type="stmt"/>
      <line num="12" count="1" type="stmt"/>
    </file>
    <file name="number.js" path="/Users/elva/Desktop/elva/mycode/分享/shareDemo/lib/number.js">
      <metrics statements="7" coveredstatements="6" conditionals="0" coveredconditionals="0" methods="1" coveredmethods="1"/>
      <line num="6" count="4" type="stmt"/>
      <line num="7" count="6" type="stmt"/>
      <line num="8" count="6" type="stmt"/>
      <line num="9" count="6" type="stmt"/>
      <line num="10" count="6" type="stmt"/>
      <line num="11" count="0" type="stmt"/>
      <line num="13" count="6" type="stmt"/>
    </file>
    <file name="showToast.js" path="/Users/elva/Desktop/elva/mycode/分享/shareDemo/lib/showToast.js">
      <metrics statements="25" coveredstatements="17" conditionals="8" coveredconditionals="1" methods="11" coveredmethods="5"/>
      <line num="1" count="1" type="stmt"/>
      <line num="4" count="5" type="stmt"/>
      <line num="7" count="5" type="stmt"/>
      <line num="16" count="5" type="stmt"/>
      <line num="17" count="5" type="stmt"/>
      <line num="18" count="5" type="stmt"/>
      <line num="19" count="5" type="stmt"/>
      <line num="20" count="5" type="stmt"/>
      <line num="21" count="5" type="stmt"/>
      <line num="22" count="5" type="stmt"/>
      <line num="23" count="5" type="stmt"/>
      <line num="24" count="5" type="stmt"/>
      <line num="27" count="0" type="stmt"/>
      <line num="28" count="0" type="stmt"/>
      <line num="32" count="0" type="stmt"/>
      <line num="40" count="0" type="stmt"/>
      <line num="41" count="0" type="stmt"/>
      <line num="42" count="0" type="cond" truecount="0" falsecount="2"/>
      <line num="43" count="0" type="stmt"/>
      <line num="45" count="0" type="stmt"/>
      <line num="50" count="2" type="stmt"/>
      <line num="55" count="2" type="stmt"/>
      <line num="58" count="1" type="stmt"/>
      <line num="59" count="1" type="stmt"/>
      <line num="62" count="1" type="stmt"/>
    </file>
  </project>
</coverage>
