{"/Users/elva/Desktop/elva/mycode/分享/shareDemo/lib/equal1.js": {"path":"/Users/elva/Desktop/elva/mycode/分享/shareDemo/lib/equal1.js","statementMap":{"0":{"start":{"line":1,"column":10},"end":{"line":5,"column":1}},"1":{"start":{"line":6,"column":10},"end":{"line":9,"column":1}},"2":{"start":{"line":10,"column":13},"end":{"line":10,"column":42}},"3":{"start":{"line":11,"column":0},"end":{"line":11,"column":18}},"4":{"start":{"line":12,"column":0},"end":{"line":12,"column":31}}},"fnMap":{},"branchMap":{},"s":{"0":1,"1":1,"2":1,"3":1,"4":1},"f":{},"b":{},"_coverageSchema":"1a1c01bbd47fc00a2c39e90264f33305004495a9","hash":"1a1249d45fc4079e0a2d987128fd3111dff332ce"}
,"/Users/elva/Desktop/elva/mycode/分享/shareDemo/lib/number.js": {"path":"/Users/elva/Desktop/elva/mycode/分享/shareDemo/lib/number.js","statementMap":{"0":{"start":{"line":6,"column":0},"end":{"line":14,"column":1}},"1":{"start":{"line":7,"column":2},"end":{"line":7,"column":13}},"2":{"start":{"line":8,"column":12},"end":{"line":8,"column":30}},"3":{"start":{"line":9,"column":2},"end":{"line":9,"column":15}},"4":{"start":{"line":10,"column":2},"end":{"line":12,"column":3}},"5":{"start":{"line":11,"column":4},"end":{"line":11,"column":40}},"6":{"start":{"line":13,"column":2},"end":{"line":13,"column":13}}},"fnMap":{"0":{"name":"toFixedScale","decl":{"start":{"line":6,"column":26},"end":{"line":6,"column":38}},"loc":{"start":{"line":6,"column":50},"end":{"line":14,"column":1}},"line":6}},"branchMap":{"0":{"loc":{"start":{"line":10,"column":8},"end":{"line":10,"column":74}},"type":"binary-expr","locations":[{"start":{"line":10,"column":8},"end":{"line":10,"column":38}},{"start":{"line":10,"column":42},"end":{"line":10,"column":74}}],"line":10}},"s":{"0":4,"1":5,"2":5,"3":5,"4":5,"5":0,"6":5},"f":{"0":5},"b":{"0":[5,5]},"_coverageSchema":"1a1c01bbd47fc00a2c39e90264f33305004495a9","hash":"27cf72d3f50b679a35a2fe2e328b09f9ccd0b88e"}
,"/Users/elva/Desktop/elva/mycode/分享/shareDemo/lib/showToast.js": {"path":"/Users/elva/Desktop/elva/mycode/分享/shareDemo/lib/showToast.js","statementMap":{"0":{"start":{"line":1,"column":16},"end":{"line":1,"column":34}},"1":{"start":{"line":4,"column":4},"end":{"line":4,"column":20}},"2":{"start":{"line":7,"column":16},"end":{"line":15,"column":11}},"3":{"start":{"line":16,"column":19},"end":{"line":16,"column":48}},"4":{"start":{"line":17,"column":20},"end":{"line":17,"column":50}},"5":{"start":{"line":18,"column":4},"end":{"line":18,"column":30}},"6":{"start":{"line":19,"column":4},"end":{"line":19,"column":29}},"7":{"start":{"line":20,"column":4},"end":{"line":20,"column":36}},"8":{"start":{"line":21,"column":4},"end":{"line":21,"column":26}},"9":{"start":{"line":22,"column":4},"end":{"line":22,"column":21}},"10":{"start":{"line":23,"column":4},"end":{"line":23,"column":37}},"11":{"start":{"line":24,"column":4},"end":{"line":24,"column":38}},"12":{"start":{"line":27,"column":4},"end":{"line":29,"column":6}},"13":{"start":{"line":28,"column":6},"end":{"line":28,"column":33}},"14":{"start":{"line":32,"column":4},"end":{"line":37,"column":6}},"15":{"start":{"line":40,"column":4},"end":{"line":47,"column":6}},"16":{"start":{"line":41,"column":6},"end":{"line":46,"column":8}},"17":{"start":{"line":42,"column":8},"end":{"line":44,"column":9}},"18":{"start":{"line":43,"column":10},"end":{"line":43,"column":30}},"19":{"start":{"line":45,"column":8},"end":{"line":45,"column":40}},"20":{"start":{"line":50,"column":4},"end":{"line":52,"column":6}},"21":{"start":{"line":58,"column":4},"end":{"line":58,"column":28}},"22":{"start":{"line":61,"column":17},"end":{"line":61,"column":47}},"23":{"start":{"line":62,"column":4},"end":{"line":62,"column":41}},"24":{"start":{"line":65,"column":0},"end":{"line":65,"column":20}}},"fnMap":{"0":{"name":"(anonymous_0)","decl":{"start":{"line":3,"column":2},"end":{"line":3,"column":3}},"loc":{"start":{"line":3,"column":26},"end":{"line":5,"column":3}},"line":3},"1":{"name":"(anonymous_1)","decl":{"start":{"line":6,"column":2},"end":{"line":6,"column":3}},"loc":{"start":{"line":6,"column":55},"end":{"line":25,"column":3}},"line":6},"2":{"name":"(anonymous_2)","decl":{"start":{"line":26,"column":2},"end":{"line":26,"column":3}},"loc":{"start":{"line":26,"column":23},"end":{"line":30,"column":3}},"line":26},"3":{"name":"(anonymous_3)","decl":{"start":{"line":27,"column":60},"end":{"line":27,"column":61}},"loc":{"start":{"line":27,"column":93},"end":{"line":29,"column":5}},"line":27},"4":{"name":"(anonymous_4)","decl":{"start":{"line":31,"column":2},"end":{"line":31,"column":3}},"loc":{"start":{"line":31,"column":16},"end":{"line":38,"column":3}},"line":31},"5":{"name":"(anonymous_5)","decl":{"start":{"line":39,"column":2},"end":{"line":39,"column":3}},"loc":{"start":{"line":39,"column":16},"end":{"line":48,"column":3}},"line":39},"6":{"name":"(anonymous_6)","decl":{"start":{"line":40,"column":23},"end":{"line":40,"column":24}},"loc":{"start":{"line":40,"column":44},"end":{"line":47,"column":5}},"line":40},"7":{"name":"(anonymous_7)","decl":{"start":{"line":41,"column":62},"end":{"line":41,"column":63}},"loc":{"start":{"line":41,"column":95},"end":{"line":46,"column":7}},"line":41},"8":{"name":"(anonymous_8)","decl":{"start":{"line":49,"column":2},"end":{"line":49,"column":3}},"loc":{"start":{"line":49,"column":15},"end":{"line":53,"column":3}},"line":49},"9":{"name":"(anonymous_9)","decl":{"start":{"line":57,"column":2},"end":{"line":57,"column":3}},"loc":{"start":{"line":57,"column":7},"end":{"line":59,"column":3}},"line":57},"10":{"name":"(anonymous_10)","decl":{"start":{"line":60,"column":2},"end":{"line":60,"column":3}},"loc":{"start":{"line":60,"column":11},"end":{"line":63,"column":3}},"line":60}},"branchMap":{"0":{"loc":{"start":{"line":3,"column":14},"end":{"line":3,"column":24}},"type":"default-arg","locations":[{"start":{"line":3,"column":22},"end":{"line":3,"column":24}}],"line":3},"1":{"loc":{"start":{"line":6,"column":8},"end":{"line":6,"column":20}},"type":"default-arg","locations":[{"start":{"line":6,"column":16},"end":{"line":6,"column":20}}],"line":6},"2":{"loc":{"start":{"line":6,"column":22},"end":{"line":6,"column":39}},"type":"default-arg","locations":[{"start":{"line":6,"column":32},"end":{"line":6,"column":39}}],"line":6},"3":{"loc":{"start":{"line":6,"column":41},"end":{"line":6,"column":52}},"type":"default-arg","locations":[{"start":{"line":6,"column":48},"end":{"line":6,"column":52}}],"line":6},"4":{"loc":{"start":{"line":10,"column":40},"end":{"line":10,"column":64}},"type":"cond-expr","locations":[{"start":{"line":10,"column":47},"end":{"line":10,"column":53}},{"start":{"line":10,"column":56},"end":{"line":10,"column":64}}],"line":10},"5":{"loc":{"start":{"line":42,"column":8},"end":{"line":44,"column":9}},"type":"if","locations":[{"start":{"line":42,"column":8},"end":{"line":44,"column":9}},{"start":{"line":42,"column":8},"end":{"line":44,"column":9}}],"line":42}},"s":{"0":1,"1":1,"2":1,"3":1,"4":1,"5":1,"6":1,"7":1,"8":1,"9":1,"10":1,"11":1,"12":0,"13":0,"14":0,"15":0,"16":0,"17":0,"18":0,"19":0,"20":1,"21":1,"22":0,"23":0,"24":1},"f":{"0":1,"1":1,"2":0,"3":0,"4":0,"5":0,"6":0,"7":0,"8":1,"9":1,"10":0},"b":{"0":[0],"1":[0],"2":[0],"3":[0],"4":[1,0],"5":[0,0]},"_coverageSchema":"1a1c01bbd47fc00a2c39e90264f33305004495a9","hash":"6f9b3a8acb2eeb9d5d6c73bf3ca2fe4764aca5a4"}
}
