TN:
SF:lib/equal1.js
FNF:0
FNH:0
DA:1,1
DA:6,1
DA:10,1
DA:11,1
DA:12,1
LF:5
LH:5
BRF:0
BRH:0
end_of_record
TN:
SF:lib/number.js
FN:6,toFixedScale
FNF:1
FNH:1
FNDA:6,toFixedScale
DA:6,4
DA:7,6
DA:8,6
DA:9,6
DA:10,6
DA:11,0
DA:13,6
LF:7
LH:6
BRF:0
BRH:0
end_of_record
TN:
SF:lib/showToast.js
FN:3,(anonymous_0)
FN:6,(anonymous_1)
FN:26,(anonymous_2)
FN:27,(anonymous_3)
FN:31,(anonymous_4)
FN:39,(anonymous_5)
FN:40,(anonymous_6)
FN:41,(anonymous_7)
FN:49,(anonymous_8)
FN:54,(anonymous_9)
FN:57,(anonymous_10)
FNF:11
FNH:5
FNDA:5,(anonymous_0)
FNDA:5,(anonymous_1)
FNDA:0,(anonymous_2)
FNDA:0,(anonymous_3)
FNDA:0,(anonymous_4)
FNDA:0,(anonymous_5)
FNDA:0,(anonymous_6)
FNDA:0,(anonymous_7)
FNDA:2,(anonymous_8)
FNDA:2,(anonymous_9)
FNDA:1,(anonymous_10)
DA:1,1
DA:4,5
DA:7,5
DA:16,5
DA:17,5
DA:18,5
DA:19,5
DA:20,5
DA:21,5
DA:22,5
DA:23,5
DA:24,5
DA:27,0
DA:28,0
DA:32,0
DA:40,0
DA:41,0
DA:42,0
DA:43,0
DA:45,0
DA:50,2
DA:55,2
DA:58,1
DA:59,1
DA:62,1
LF:25
LH:17
BRDA:3,0,0,0
BRDA:6,1,0,0
BRDA:6,2,0,0
BRDA:6,3,0,0
BRDA:10,4,0,5
BRDA:10,4,1,0
BRDA:42,5,0,0
BRDA:42,5,1,0
BRF:8
BRH:1
end_of_record
